Success (8):
group 234 _e-0000d885-5409-8000-9aee-01075c01075c_218 "RYD_GBL_Administrators"
content 189886 _a-0000da30-cba1-8000-9ba2-011c48011c48_111353 "BPS_CMN_USER_LICENSE_SCHEDULED_TIME"
content 189888 _a-0000da30-cba1-8000-9ba2-011c48011c48_111360 "BPS_CMN_User_License_Directory"
content 189893 _a-0000da21-be80-8000-9ba2-011c48011c48_109122 "BPS_CMN_User_License_getUserDetails"
processModelFolder 252 _g-0000d8c3-a622-8000-f92f-7f0000014e7a_267 "Environment Smoke Test"
processModelFolder 485 _g-0000dd04-4f39-8000-f92f-7f0000014e7a_529 "VersioningTest"
processModel 40788 0008dd12-c152-8000-f92f-7f0000014e7a "TST_Generate_UserLicense_CSV"
application 232060 _a-0000dd0e-1392-8000-9ba2-011c48011c48_258365 "VersioningTest"

Referenced precedents that were not exported (14):
datatype 13093 {https://ryder.appiancloud.com/suite/types/}CMN_AppianUserList
dataStore 89749 _a-0000da21-be80-8000-9ba2-011c48011c48_108886
user skommanaboyina skommanaboyina
user sarumugam1 sarumugam1
user sarumugam sarumugam
user mperez mperez
user agupta agupta
content 91955 _a-0000da30-cba1-8000-9ba2-011c48011c48_111357
content 89959 _a-0000da21-be80-8000-9ba2-011c48011c48_109096
content 105595 _a-0000daa2-2a25-8000-9ba2-011c48011c48_127458
content 89983 _a-0000da21-be80-8000-9ba2-011c48011c48_109120
content 91956 _a-0000da30-cba1-8000-9ba2-011c48011c48_111358
content 89768 _a-0000da21-be80-8000-9ba2-011c48011c48_108905
content 105568 _a-0000daa2-2a25-8000-9ba2-011c48011c48_127431

Trace:
2016-06-07 20:13:11.592 DEBUG application 232060 _a-0000dd0e-1392-8000-9ba2-011c48011c48_258365 Begin transport.
2016-06-07 20:13:11.592 DEBUG application 232060 _a-0000dd0e-1392-8000-9ba2-011c48011c48_258365 Retrieving object data.
2016-06-07 20:13:11.596 DEBUG application 232060 _a-0000dd0e-1392-8000-9ba2-011c48011c48_258365 App associated objects: GlobalIdMap[group=[_e-0000d885-5409-8000-9aee-01075c01075c_218],content=[_a-0000da30-cba1-8000-9ba2-011c48011c48_111353, _a-0000da30-cba1-8000-9ba2-011c48011c48_111360, _a-0000da21-be80-8000-9ba2-011c48011c48_109122],processModelFolder=[_g-0000dd04-4f39-8000-f92f-7f0000014e7a_529, _g-0000d8c3-a622-8000-f92f-7f0000014e7a_267],processModel=[0008dd12-c152-8000-f92f-7f0000014e7a]]
2016-06-07 20:13:11.601 DEBUG application 232060 _a-0000dd0e-1392-8000-9ba2-011c48011c48_258365 Invalid associated objects: GlobalIdMap[]
2016-06-07 20:13:11.601 DEBUG application 232060 _a-0000dd0e-1392-8000-9ba2-011c48011c48_258365 Adding valid associated objects to be exported: GlobalBindingMap[group={_e-0000d885-5409-8000-9aee-01075c01075c_218=234},content={_a-0000da30-cba1-8000-9ba2-011c48011c48_111353=189886, _a-0000da30-cba1-8000-9ba2-011c48011c48_111360=189888, _a-0000da21-be80-8000-9ba2-011c48011c48_109122=189893},processModelFolder={_g-0000dd04-4f39-8000-f92f-7f0000014e7a_529=485, _g-0000d8c3-a622-8000-f92f-7f0000014e7a_267=252},processModel={0008dd12-c152-8000-f92f-7f0000014e7a=40788}]
2016-06-07 20:13:11.601 DEBUG application 232060 _a-0000dd0e-1392-8000-9ba2-011c48011c48_258365 Setting uuids of object references.
2016-06-07 20:13:11.601 DEBUG application 232060 _a-0000dd0e-1392-8000-9ba2-011c48011c48_258365 Processing reference: Application.forum
2016-06-07 20:13:11.602 DEBUG application 232060 _a-0000dd0e-1392-8000-9ba2-011c48011c48_258365 Processing reference: Application.parent
2016-06-07 20:13:11.603 DEBUG application 232060 _a-0000dd0e-1392-8000-9ba2-011c48011c48_258365 Processing reference: com.appiancorp.suiteapi.content.ContentRoleMap@25eb903e[
  ContentRole[name=readers,inherit=false,allowForAll=false]
  ContentRole[name=authors,inherit=false,allowForAll=false]
  ContentRole[name=administrators,inherit=false,allowForAll=false]
  ContentRole[name=denyReaders,inherit=false,allowForAll=false]
  ContentRole[name=denyAuthors,inherit=false,allowForAll=false]
  ContentRole[name=denyAdministrators,inherit=false,allowForAll=false]
  securityVector=1:SEC_PUBLIC=true,SEC_CREATOR_ADMIN=false,SEC_INH_ADMIN=false,SEC_INH_EDITOR=false,SEC_INH_VIEWER=false,SEC_ALL_ADMIN=false,SEC_ALL_EDITOR=false,SEC_ALL_VIEWER=false
]
2016-06-07 20:13:11.603 DEBUG application 232060 _a-0000dd0e-1392-8000-9ba2-011c48011c48_258365 Processing reference: ContentRole[name=readers,inherit=false,allowForAll=false]
2016-06-07 20:13:11.603 DEBUG application 232060 _a-0000dd0e-1392-8000-9ba2-011c48011c48_258365 Processing reference: ContentRole[name=authors,inherit=false,allowForAll=false]
2016-06-07 20:13:11.603 DEBUG application 232060 _a-0000dd0e-1392-8000-9ba2-011c48011c48_258365 Processing reference: ContentRole[name=administrators,inherit=false,allowForAll=false]
2016-06-07 20:13:11.603 DEBUG application 232060 _a-0000dd0e-1392-8000-9ba2-011c48011c48_258365 Processing reference: ContentRole[name=denyReaders,inherit=false,allowForAll=false]
2016-06-07 20:13:11.603 DEBUG application 232060 _a-0000dd0e-1392-8000-9ba2-011c48011c48_258365 Processing reference: ContentRole[name=denyAuthors,inherit=false,allowForAll=false]
2016-06-07 20:13:11.603 DEBUG application 232060 _a-0000dd0e-1392-8000-9ba2-011c48011c48_258365 Processing reference: ContentRole[name=denyAdministrators,inherit=false,allowForAll=false]
2016-06-07 20:13:11.604 DEBUG group 234 _e-0000d885-5409-8000-9aee-01075c01075c_218 Begin transport.
2016-06-07 20:13:11.604 DEBUG group 234 _e-0000d885-5409-8000-9aee-01075c01075c_218 Retrieving object data.
2016-06-07 20:13:11.61 DEBUG group 234 _e-0000d885-5409-8000-9aee-01075c01075c_218 Setting uuids of object references.
2016-06-07 20:13:11.61 DEBUG group 234 _e-0000d885-5409-8000-9aee-01075c01075c_218 Processing reference: Role[name=<null>]
2016-06-07 20:13:11.61 DEBUG group 234 _e-0000d885-5409-8000-9aee-01075c01075c_218 Processing reference: Group.groupTypeId
2016-06-07 20:13:11.611 DEBUG group 234 _e-0000d885-5409-8000-9aee-01075c01075c_218 Processing reference: Group.parentId
2016-06-07 20:13:11.612 DEBUG group 234 _e-0000d885-5409-8000-9aee-01075c01075c_218 Processing reference: Group.homePageId
2016-06-07 20:13:11.612 DEBUG group 234 _e-0000d885-5409-8000-9aee-01075c01075c_218 Processing reference: Role[name=<null>,usernames=[skommanaboyina, sarumugam1, sarumugam, mperez]]
2016-06-07 20:13:11.613 DEBUG group 234 _e-0000d885-5409-8000-9aee-01075c01075c_218 Exporting binary resources.
2016-06-07 20:13:11.613 DEBUG group 234 _e-0000d885-5409-8000-9aee-01075c01075c_218 Serializing object to XML.
2016-06-07 20:13:11.613 DEBUG group 234 _e-0000d885-5409-8000-9aee-01075c01075c_218 Object transported.
2016-06-07 20:13:11.614 DEBUG content 189886 _a-0000da30-cba1-8000-9ba2-011c48011c48_111353 Begin transport.
2016-06-07 20:13:11.614 DEBUG content 189886 _a-0000da30-cba1-8000-9ba2-011c48011c48_111353 Retrieving object data.
2016-06-07 20:13:11.621 DEBUG content 189886 _a-0000da30-cba1-8000-9ba2-011c48011c48_111353 Setting uuids of object references.
2016-06-07 20:13:11.621 DEBUG content 189886 _a-0000da30-cba1-8000-9ba2-011c48011c48_111353 Processing reference: [Content:id=91951,versionId=-1,name=BPS_CMN_USER_LICENSE_SCHEDULED_TIME,description=Time at which User License Application will run,type=32,subtype=0,uuid=_a-0000da30-cba1-8000-9ba2-011c48011c48_111353,parent=91955,parentName=Constants,parentType=2,log=189886,logName=BPS_CMN_USER_LICENSE_SCHEDULED_TIME,state=255,visibility=35,security=143,creator=Administrator,createdTimestamp=2015-12-27 00:13:54.0,updatedTimestamp=2015-12-27 00:13:54.0,size=0,lockedBy=ANONYMOUS,changesRequireApproval=false,attributes={system=0, hidden=0, ruletype=0, multiple=0, value=08:00:00, returnType=8},partition=3,partitionName=/usr/local/appian/ae/_admin/accdocs3]
2016-06-07 20:13:11.621 DEBUG content 189886 _a-0000da30-cba1-8000-9ba2-011c48011c48_111353 Processing reference: Constant.forum
2016-06-07 20:13:11.622 DEBUG content 189886 _a-0000da30-cba1-8000-9ba2-011c48011c48_111353 Processing reference: Constant.parent
2016-06-07 20:13:11.623 DEBUG content 189886 _a-0000da30-cba1-8000-9ba2-011c48011c48_111353 Processing reference: com.appiancorp.suiteapi.content.ContentRoleMap@40d31f83[
  ContentRole[name=readers,inherit=true,allowForAll=false]
  ContentRole[name=authors,inherit=true,allowForAll=false]
  ContentRole[name=administrators,usernames=[agupta],inherit=true,allowForAll=false]
  ContentRole[name=denyReaders,inherit=false,allowForAll=false]
  ContentRole[name=denyAuthors,inherit=false,allowForAll=false]
  ContentRole[name=denyAdministrators,inherit=false,allowForAll=false]
  securityVector=143:SEC_PUBLIC=true,SEC_CREATOR_ADMIN=true,SEC_INH_ADMIN=true,SEC_INH_EDITOR=true,SEC_INH_VIEWER=true,SEC_ALL_ADMIN=false,SEC_ALL_EDITOR=false,SEC_ALL_VIEWER=false
]
2016-06-07 20:13:11.623 DEBUG content 189886 _a-0000da30-cba1-8000-9ba2-011c48011c48_111353 Processing reference: ContentRole[name=readers,inherit=true,allowForAll=false]
2016-06-07 20:13:11.623 DEBUG content 189886 _a-0000da30-cba1-8000-9ba2-011c48011c48_111353 Processing reference: ContentRole[name=authors,inherit=true,allowForAll=false]
2016-06-07 20:13:11.623 DEBUG content 189886 _a-0000da30-cba1-8000-9ba2-011c48011c48_111353 Processing reference: ContentRole[name=administrators,usernames=[agupta],inherit=true,allowForAll=false]
2016-06-07 20:13:11.624 DEBUG content 189886 _a-0000da30-cba1-8000-9ba2-011c48011c48_111353 Processing reference: ContentRole[name=denyReaders,inherit=false,allowForAll=false]
2016-06-07 20:13:11.624 DEBUG content 189886 _a-0000da30-cba1-8000-9ba2-011c48011c48_111353 Processing reference: ContentRole[name=denyAuthors,inherit=false,allowForAll=false]
2016-06-07 20:13:11.624 DEBUG content 189886 _a-0000da30-cba1-8000-9ba2-011c48011c48_111353 Processing reference: ContentRole[name=denyAdministrators,inherit=false,allowForAll=false]
2016-06-07 20:13:11.624 DEBUG content 189886 _a-0000da30-cba1-8000-9ba2-011c48011c48_111353 Exporting binary resources.
2016-06-07 20:13:11.624 DEBUG content 189886 _a-0000da30-cba1-8000-9ba2-011c48011c48_111353 Serializing object to XML.
2016-06-07 20:13:11.626 DEBUG content 189886 _a-0000da30-cba1-8000-9ba2-011c48011c48_111353 Object transported.
2016-06-07 20:13:11.626 DEBUG content 189888 _a-0000da30-cba1-8000-9ba2-011c48011c48_111360 Begin transport.
2016-06-07 20:13:11.626 DEBUG content 189888 _a-0000da30-cba1-8000-9ba2-011c48011c48_111360 Retrieving object data.
2016-06-07 20:13:11.633 DEBUG content 189888 _a-0000da30-cba1-8000-9ba2-011c48011c48_111360 Setting uuids of object references.
2016-06-07 20:13:11.633 DEBUG content 189888 _a-0000da30-cba1-8000-9ba2-011c48011c48_111360 Processing reference: [Content:id=91958,versionId=-1,name=BPS_CMN_User_License_Directory,description=Directory to store Appian User License CSV ,type=32,subtype=0,uuid=_a-0000da30-cba1-8000-9ba2-011c48011c48_111360,parent=91955,parentName=Constants,parentType=2,log=189888,logName=BPS_CMN_User_License_Directory,state=255,visibility=35,security=143,creator=Administrator,createdTimestamp=2015-12-27 00:13:54.0,updatedTimestamp=2015-12-27 00:13:54.0,size=0,lockedBy=ANONYMOUS,changesRequireApproval=false,attributes={system=0, hidden=0, ruletype=0, multiple=0, value=12289 89959, returnType=28},partition=2,partitionName=/usr/local/appian/ae/_admin/accdocs2]
2016-06-07 20:13:11.635 DEBUG content 189888 _a-0000da30-cba1-8000-9ba2-011c48011c48_111360 Processing reference: Constant.forum
2016-06-07 20:13:11.635 DEBUG content 189888 _a-0000da30-cba1-8000-9ba2-011c48011c48_111360 Processing reference: Constant.parent
2016-06-07 20:13:11.637 DEBUG content 189888 _a-0000da30-cba1-8000-9ba2-011c48011c48_111360 Processing reference: com.appiancorp.suiteapi.content.ContentRoleMap@758fc31b[
  ContentRole[name=readers,inherit=true,allowForAll=false]
  ContentRole[name=authors,inherit=true,allowForAll=false]
  ContentRole[name=administrators,usernames=[agupta],inherit=true,allowForAll=false]
  ContentRole[name=denyReaders,inherit=false,allowForAll=false]
  ContentRole[name=denyAuthors,inherit=false,allowForAll=false]
  ContentRole[name=denyAdministrators,inherit=false,allowForAll=false]
  securityVector=143:SEC_PUBLIC=true,SEC_CREATOR_ADMIN=true,SEC_INH_ADMIN=true,SEC_INH_EDITOR=true,SEC_INH_VIEWER=true,SEC_ALL_ADMIN=false,SEC_ALL_EDITOR=false,SEC_ALL_VIEWER=false
]
2016-06-07 20:13:11.637 DEBUG content 189888 _a-0000da30-cba1-8000-9ba2-011c48011c48_111360 Processing reference: ContentRole[name=readers,inherit=true,allowForAll=false]
2016-06-07 20:13:11.637 DEBUG content 189888 _a-0000da30-cba1-8000-9ba2-011c48011c48_111360 Processing reference: ContentRole[name=authors,inherit=true,allowForAll=false]
2016-06-07 20:13:11.637 DEBUG content 189888 _a-0000da30-cba1-8000-9ba2-011c48011c48_111360 Processing reference: ContentRole[name=administrators,usernames=[agupta],inherit=true,allowForAll=false]
2016-06-07 20:13:11.638 DEBUG content 189888 _a-0000da30-cba1-8000-9ba2-011c48011c48_111360 Processing reference: ContentRole[name=denyReaders,inherit=false,allowForAll=false]
2016-06-07 20:13:11.638 DEBUG content 189888 _a-0000da30-cba1-8000-9ba2-011c48011c48_111360 Processing reference: ContentRole[name=denyAuthors,inherit=false,allowForAll=false]
2016-06-07 20:13:11.638 DEBUG content 189888 _a-0000da30-cba1-8000-9ba2-011c48011c48_111360 Processing reference: ContentRole[name=denyAdministrators,inherit=false,allowForAll=false]
2016-06-07 20:13:11.638 DEBUG content 189888 _a-0000da30-cba1-8000-9ba2-011c48011c48_111360 Exporting binary resources.
2016-06-07 20:13:11.638 DEBUG content 189888 _a-0000da30-cba1-8000-9ba2-011c48011c48_111360 Serializing object to XML.
2016-06-07 20:13:11.639 DEBUG content 189888 _a-0000da30-cba1-8000-9ba2-011c48011c48_111360 Object transported.
2016-06-07 20:13:11.639 DEBUG content 189893 _a-0000da21-be80-8000-9ba2-011c48011c48_109122 Begin transport.
2016-06-07 20:13:11.639 DEBUG content 189893 _a-0000da21-be80-8000-9ba2-011c48011c48_109122 Retrieving object data.
2016-06-07 20:13:11.646 DEBUG content 189893 _a-0000da21-be80-8000-9ba2-011c48011c48_109122 Setting uuids of object references.
2016-06-07 20:13:11.646 DEBUG content 189893 _a-0000da21-be80-8000-9ba2-011c48011c48_109122 Processing reference: [Content:id=89985,versionId=-1,name=BPS_CMN_User_License_getUserDetails,description=Extracts the user details in CDT formatted manner,type=32,subtype=1,uuid=_a-0000da21-be80-8000-9ba2-011c48011c48_109122,parent=91956,parentName=Expression Rules,parentType=2,log=189893,logName=BPS_CMN_User_License_getUserDetails,state=255,visibility=35,security=143,creator=Administrator,createdTimestamp=2015-12-27 00:13:55.0,updatedTimestamp=2015-12-27 00:13:55.0,size=0,lockedBy=ANONYMOUS,changesRequireApproval=false,attributes={dep_rules=[Ljava.lang.Long;@59867f79, system=0, hidden=0, ruletype=1, dep_functions=[Ljava.lang.String;@777e021a, definition== with(
  userList: getdistinctusers(
    topeople(
      #"_a-0000daa2-2a25-8000-9ba2-011c48011c48_127458"
    )
  ),
  apply(
    #"_a-0000da21-be80-8000-9ba2-011c48011c48_109120",
    userList
  )
), dep_types=[Ljava.lang.String;@5893209b, parameters=null, dep_variables=[[Ljava.lang.String;@2b7017b6},partition=1,partitionName=/usr/local/appian/ae/_admin/accdocs1]
2016-06-07 20:13:11.648 DEBUG content 189893 _a-0000da21-be80-8000-9ba2-011c48011c48_109122 Processing reference: FreeformRule.forum
2016-06-07 20:13:11.648 DEBUG content 189893 _a-0000da21-be80-8000-9ba2-011c48011c48_109122 Processing reference: FreeformRule.parent
2016-06-07 20:13:11.65 DEBUG content 189893 _a-0000da21-be80-8000-9ba2-011c48011c48_109122 Processing reference: com.appiancorp.suiteapi.content.ContentRoleMap@425df118[
  ContentRole[name=readers,inherit=true,allowForAll=false]
  ContentRole[name=authors,inherit=true,allowForAll=false]
  ContentRole[name=administrators,usernames=[agupta],inherit=true,allowForAll=false]
  ContentRole[name=denyReaders,inherit=false,allowForAll=false]
  ContentRole[name=denyAuthors,inherit=false,allowForAll=false]
  ContentRole[name=denyAdministrators,inherit=false,allowForAll=false]
  securityVector=143:SEC_PUBLIC=true,SEC_CREATOR_ADMIN=true,SEC_INH_ADMIN=true,SEC_INH_EDITOR=true,SEC_INH_VIEWER=true,SEC_ALL_ADMIN=false,SEC_ALL_EDITOR=false,SEC_ALL_VIEWER=false
]
2016-06-07 20:13:11.65 DEBUG content 189893 _a-0000da21-be80-8000-9ba2-011c48011c48_109122 Processing reference: ContentRole[name=readers,inherit=true,allowForAll=false]
2016-06-07 20:13:11.65 DEBUG content 189893 _a-0000da21-be80-8000-9ba2-011c48011c48_109122 Processing reference: ContentRole[name=authors,inherit=true,allowForAll=false]
2016-06-07 20:13:11.65 DEBUG content 189893 _a-0000da21-be80-8000-9ba2-011c48011c48_109122 Processing reference: ContentRole[name=administrators,usernames=[agupta],inherit=true,allowForAll=false]
2016-06-07 20:13:11.651 DEBUG content 189893 _a-0000da21-be80-8000-9ba2-011c48011c48_109122 Processing reference: ContentRole[name=denyReaders,inherit=false,allowForAll=false]
2016-06-07 20:13:11.651 DEBUG content 189893 _a-0000da21-be80-8000-9ba2-011c48011c48_109122 Processing reference: ContentRole[name=denyAuthors,inherit=false,allowForAll=false]
2016-06-07 20:13:11.651 DEBUG content 189893 _a-0000da21-be80-8000-9ba2-011c48011c48_109122 Processing reference: ContentRole[name=denyAdministrators,inherit=false,allowForAll=false]
2016-06-07 20:13:11.651 DEBUG content 189893 _a-0000da21-be80-8000-9ba2-011c48011c48_109122 Exporting binary resources.
2016-06-07 20:13:11.651 DEBUG content 189893 _a-0000da21-be80-8000-9ba2-011c48011c48_109122 Serializing object to XML.
2016-06-07 20:13:11.651 DEBUG content 189893 _a-0000da21-be80-8000-9ba2-011c48011c48_109122 Object transported.
2016-06-07 20:13:11.652 DEBUG processModelFolder 485 _g-0000dd04-4f39-8000-f92f-7f0000014e7a_529 Begin transport.
2016-06-07 20:13:11.652 DEBUG processModelFolder 485 _g-0000dd04-4f39-8000-f92f-7f0000014e7a_529 Retrieving object data.
2016-06-07 20:13:11.655 DEBUG processModelFolder 485 _g-0000dd04-4f39-8000-f92f-7f0000014e7a_529 Setting uuids of object references.
2016-06-07 20:13:11.655 DEBUG processModelFolder 485 _g-0000dd04-4f39-8000-f92f-7f0000014e7a_529 Processing reference: ProcessModelFolder.parentFolderId
2016-06-07 20:13:11.656 DEBUG processModelFolder 252 _g-0000d8c3-a622-8000-f92f-7f0000014e7a_267 Begin transport.
2016-06-07 20:13:11.656 DEBUG processModelFolder 252 _g-0000d8c3-a622-8000-f92f-7f0000014e7a_267 Retrieving object data.
2016-06-07 20:13:11.658 DEBUG processModelFolder 252 _g-0000d8c3-a622-8000-f92f-7f0000014e7a_267 Setting uuids of object references.
2016-06-07 20:13:11.658 DEBUG processModelFolder 252 _g-0000d8c3-a622-8000-f92f-7f0000014e7a_267 Processing reference: ProcessModelFolder.parentFolderId
2016-06-07 20:13:11.659 DEBUG processModelFolder 252 _g-0000d8c3-a622-8000-f92f-7f0000014e7a_267 Processing reference: com.appiancorp.suiteapi.process.ProcessRoleMap@279e61fc[
  Role[name=ADMIN_OWNER,usernames=[t_rvaradarajan]]
  Role[name=EDITOR]
  Role[name=EXPLICIT_NONMEMBER]
  Role[name=VIEWER]
  Role[name=MANAGER]
  Role[name=INITIATOR]
]
2016-06-07 20:13:11.659 DEBUG processModelFolder 252 _g-0000d8c3-a622-8000-f92f-7f0000014e7a_267 Processing reference: Role[name=ADMIN_OWNER,usernames=[t_rvaradarajan]]
2016-06-07 20:13:11.659 DEBUG processModelFolder 252 _g-0000d8c3-a622-8000-f92f-7f0000014e7a_267 Processing reference: Role[name=EDITOR]
2016-06-07 20:13:11.659 DEBUG processModelFolder 252 _g-0000d8c3-a622-8000-f92f-7f0000014e7a_267 Processing reference: Role[name=EXPLICIT_NONMEMBER]
2016-06-07 20:13:11.659 DEBUG processModelFolder 252 _g-0000d8c3-a622-8000-f92f-7f0000014e7a_267 Processing reference: Role[name=VIEWER]
2016-06-07 20:13:11.659 DEBUG processModelFolder 252 _g-0000d8c3-a622-8000-f92f-7f0000014e7a_267 Processing reference: Role[name=MANAGER]
2016-06-07 20:13:11.659 DEBUG processModelFolder 252 _g-0000d8c3-a622-8000-f92f-7f0000014e7a_267 Processing reference: Role[name=INITIATOR]
2016-06-07 20:13:11.66 DEBUG processModelFolder 252 _g-0000d8c3-a622-8000-f92f-7f0000014e7a_267 Exporting binary resources.
2016-06-07 20:13:11.66 DEBUG processModelFolder 252 _g-0000d8c3-a622-8000-f92f-7f0000014e7a_267 Serializing object to XML.
2016-06-07 20:13:11.66 DEBUG processModelFolder 252 _g-0000d8c3-a622-8000-f92f-7f0000014e7a_267 Object transported.
2016-06-07 20:13:11.66 DEBUG processModelFolder 485 _g-0000dd04-4f39-8000-f92f-7f0000014e7a_529 Processing reference: com.appiancorp.suiteapi.process.ProcessRoleMap@16c390f3[
  Role[name=ADMIN_OWNER]
  Role[name=EDITOR]
  Role[name=EXPLICIT_NONMEMBER]
  Role[name=VIEWER]
  Role[name=MANAGER]
  Role[name=INITIATOR]
]
2016-06-07 20:13:11.66 DEBUG processModelFolder 485 _g-0000dd04-4f39-8000-f92f-7f0000014e7a_529 Processing reference: Role[name=ADMIN_OWNER]
2016-06-07 20:13:11.66 DEBUG processModelFolder 485 _g-0000dd04-4f39-8000-f92f-7f0000014e7a_529 Processing reference: Role[name=EDITOR]
2016-06-07 20:13:11.66 DEBUG processModelFolder 485 _g-0000dd04-4f39-8000-f92f-7f0000014e7a_529 Processing reference: Role[name=EXPLICIT_NONMEMBER]
2016-06-07 20:13:11.66 DEBUG processModelFolder 485 _g-0000dd04-4f39-8000-f92f-7f0000014e7a_529 Processing reference: Role[name=VIEWER]
2016-06-07 20:13:11.66 DEBUG processModelFolder 485 _g-0000dd04-4f39-8000-f92f-7f0000014e7a_529 Processing reference: Role[name=MANAGER]
2016-06-07 20:13:11.66 DEBUG processModelFolder 485 _g-0000dd04-4f39-8000-f92f-7f0000014e7a_529 Processing reference: Role[name=INITIATOR]
2016-06-07 20:13:11.66 DEBUG processModelFolder 485 _g-0000dd04-4f39-8000-f92f-7f0000014e7a_529 Exporting binary resources.
2016-06-07 20:13:11.66 DEBUG processModelFolder 485 _g-0000dd04-4f39-8000-f92f-7f0000014e7a_529 Serializing object to XML.
2016-06-07 20:13:11.66 DEBUG processModelFolder 485 _g-0000dd04-4f39-8000-f92f-7f0000014e7a_529 Object transported.
2016-06-07 20:13:11.662 DEBUG processModel 40788 0008dd12-c152-8000-f92f-7f0000014e7a Begin transport.
2016-06-07 20:13:11.662 DEBUG processModel 40788 0008dd12-c152-8000-f92f-7f0000014e7a Retrieving object data.
2016-06-07 20:13:11.702 DEBUG processModel 40788 0008dd12-c152-8000-f92f-7f0000014e7a Setting uuids of object references.
2016-06-07 20:13:11.702 DEBUG processModel 40788 0008dd12-c152-8000-f92f-7f0000014e7a Processing reference: ProcessModelHaul.folderId
2016-06-07 20:13:11.703 DEBUG processModel 40788 0008dd12-c152-8000-f92f-7f0000014e7a Processing reference: ProcessModelHaul.modelDashboardPageId
2016-06-07 20:13:11.703 DEBUG processModel 40788 0008dd12-c152-8000-f92f-7f0000014e7a Processing reference: ProcessModelHaul.processDashboardPageId
2016-06-07 20:13:11.703 DEBUG processModel 40788 0008dd12-c152-8000-f92f-7f0000014e7a Processing reference: ProcessModel.emailAttachmentFolderId
2016-06-07 20:13:11.705 DEBUG processModel 40788 0008dd12-c152-8000-f92f-7f0000014e7a Processing reference: InternalForm.docId
2016-06-07 20:13:11.706 DEBUG processModel 40788 0008dd12-c152-8000-f92f-7f0000014e7a Processing reference: 4096 234
2016-06-07 20:13:11.706 DEBUG processModel 40788 0008dd12-c152-8000-f92f-7f0000014e7a Processing reference: ActivityClassParameter[name=pmID,it=23,v=<null>]
2016-06-07 20:13:11.707 DEBUG processModel 40788 0008dd12-c152-8000-f92f-7f0000014e7a Processing reference: ActivityClassParameter[name=inMap,it=111,v={}]
2016-06-07 20:13:11.707 DEBUG processModel 40788 0008dd12-c152-8000-f92f-7f0000014e7a Processing reference: ActivityClassParameter[name=procInheritsPriority,it=1,v=1]
2016-06-07 20:13:11.707 DEBUG processModel 40788 0008dd12-c152-8000-f92f-7f0000014e7a Processing reference: ActivityClassParameter[name=pmUUID,it=3,v=]
2016-06-07 20:13:11.707 DEBUG processModel 40788 0008dd12-c152-8000-f92f-7f0000014e7a Processing reference: ActivityClassParameter[name=isAsynchronous,it=26,v=1]
2016-06-07 20:13:11.707 DEBUG processModel 40788 0008dd12-c152-8000-f92f-7f0000014e7a Processing reference: ActivityClassParameter[name=isTransparent,it=26,v=1]
2016-06-07 20:13:11.707 DEBUG processModel 40788 0008dd12-c152-8000-f92f-7f0000014e7a Processing reference: ActivityClassParameter[name=inheritSecurity,it=26,v=0]
2016-06-07 20:13:11.707 DEBUG processModel 40788 0008dd12-c152-8000-f92f-7f0000014e7a Processing reference: ActivityClassParameter[name=~rdbms.datasource,it=3,v=java:/jdbc/Appian]
2016-06-07 20:13:11.707 DEBUG processModel 40788 0008dd12-c152-8000-f92f-7f0000014e7a Processing reference: ActivityClassParameter[name=~rdbms.driver,it=3,v=Oracle]
2016-06-07 20:13:11.707 DEBUG processModel 40788 0008dd12-c152-8000-f92f-7f0000014e7a Processing reference: ActivityClassParameter[name=~rdbms.driverClass,it=3,v=oracle.jdbc.OracleDriver]
2016-06-07 20:13:11.707 DEBUG processModel 40788 0008dd12-c152-8000-f92f-7f0000014e7a Processing reference: ActivityClassParameter[name=~rdbms.url,it=3,v=jdbc:oracle:thin:@]
2016-06-07 20:13:11.707 DEBUG processModel 40788 0008dd12-c152-8000-f92f-7f0000014e7a Processing reference: ActivityClassParameter[name=~rdbms.urlSuffix,it=3,v=]
2016-06-07 20:13:11.707 DEBUG processModel 40788 0008dd12-c152-8000-f92f-7f0000014e7a Processing reference: ActivityClassParameter[name=~rdbms.prompt,it=26,v=0]
2016-06-07 20:13:11.708 DEBUG processModel 40788 0008dd12-c152-8000-f92f-7f0000014e7a Processing reference: ActivityClassParameter[name=~rdbms.username,it=3,v=]
2016-06-07 20:13:11.708 DEBUG processModel 40788 0008dd12-c152-8000-f92f-7f0000014e7a Processing reference: ActivityClassParameter[name=~rdbms.pwd,it=32,v=]
2016-06-07 20:13:11.708 DEBUG processModel 40788 0008dd12-c152-8000-f92f-7f0000014e7a Processing reference: ActivityClassParameter[name=~query.0.1,it=3,v=delete from CMN_AppianUserList]
2016-06-07 20:13:11.708 DEBUG processModel 40788 0008dd12-c152-8000-f92f-7f0000014e7a Processing reference: InternalForm.docId
2016-06-07 20:13:11.708 DEBUG processModel 40788 0008dd12-c152-8000-f92f-7f0000014e7a Processing reference: ActivityClassParameter[name=OverrideUrl,it=3,v=]
2016-06-07 20:13:11.708 DEBUG processModel 40788 0008dd12-c152-8000-f92f-7f0000014e7a Processing reference: ActivityClassParameter[name=OverrideUsername,it=3,v=]
2016-06-07 20:13:11.708 DEBUG processModel 40788 0008dd12-c152-8000-f92f-7f0000014e7a Processing reference: ActivityClassParameter[name=OverridePassword,it=3,v=]
2016-06-07 20:13:11.708 DEBUG processModel 40788 0008dd12-c152-8000-f92f-7f0000014e7a Processing reference: ActivityClassParameter[name=OverrideDatasource,it=3,v=]
2016-06-07 20:13:11.708 DEBUG processModel 40788 0008dd12-c152-8000-f92f-7f0000014e7a Processing reference: ActivityClassParameter[name=PauseOnError,it=26,v=1]
2016-06-07 20:13:11.708 DEBUG processModel 40788 0008dd12-c152-8000-f92f-7f0000014e7a Processing reference: ActivityClassParameter[name=jdbc_error_flag,it=26,v=0]
2016-06-07 20:13:11.709 DEBUG processModel 40788 0008dd12-c152-8000-f92f-7f0000014e7a Processing reference: ActivityClassParameter[name=jdbc_error_string,it=3,v=]
2016-06-07 20:13:11.709 DEBUG processModel 40788 0008dd12-c152-8000-f92f-7f0000014e7a Processing reference: ActivityClassParameter[name=~1.result,it=1,v=<null>]
2016-06-07 20:13:11.709 DEBUG processModel 40788 0008dd12-c152-8000-f92f-7f0000014e7a Processing reference: ActivityClassParameter[name=userList,it=13094,v=<null>]
2016-06-07 20:13:11.709 DEBUG processModel 40788 0008dd12-c152-8000-f92f-7f0000014e7a Processing reference: ActivityClassParameter[name=csvHeader,it=13093,v=<null>]
2016-06-07 20:13:11.709 DEBUG processModel 40788 0008dd12-c152-8000-f92f-7f0000014e7a Processing reference: ActivityClassParameter[name=dbInput,it=13094,v=<null>]
2016-06-07 20:13:11.709 DEBUG processModel 40788 0008dd12-c152-8000-f92f-7f0000014e7a Processing reference: InternalForm.docId
2016-06-07 20:13:11.71 DEBUG processModel 40788 0008dd12-c152-8000-f92f-7f0000014e7a Processing reference: ActivityClassParameter[name=DataStoreEntity,it=81,v=fc8f974e-06ca-45c9-a966-464abb775379@89749]
2016-06-07 20:13:11.711 DEBUG processModel 40788 0008dd12-c152-8000-f92f-7f0000014e7a Processing reference: ActivityClassParameter[name=StoredValues,it=197,v=<null>]
2016-06-07 20:13:11.711 DEBUG processModel 40788 0008dd12-c152-8000-f92f-7f0000014e7a Processing reference: InternalForm.docId
2016-06-07 20:13:11.711 DEBUG processModel 40788 0008dd12-c152-8000-f92f-7f0000014e7a Processing reference: ActivityClassParameter[name=delimiter,it=3,v=]
2016-06-07 20:13:11.711 DEBUG processModel 40788 0008dd12-c152-8000-f92f-7f0000014e7a Processing reference: ActivityClassParameter[name=document_name_to_create,it=3,v=]
2016-06-07 20:13:11.711 DEBUG processModel 40788 0008dd12-c152-8000-f92f-7f0000014e7a Processing reference: ActivityClassParameter[name=document_save_directory,it=12,v=<null>]
2016-06-07 20:13:11.711 DEBUG processModel 40788 0008dd12-c152-8000-f92f-7f0000014e7a Processing reference: ActivityClassParameter[name=document_to_overwrite,it=13,v=<null>]
2016-06-07 20:13:11.712 DEBUG processModel 40788 0008dd12-c152-8000-f92f-7f0000014e7a Processing reference: ActivityClassParameter[name=extension,it=3,v=]
2016-06-07 20:13:11.712 DEBUG processModel 40788 0008dd12-c152-8000-f92f-7f0000014e7a Processing reference: ActivityClassParameter[name=include_header_row,it=26,v=0]
2016-06-07 20:13:11.712 DEBUG processModel 40788 0008dd12-c152-8000-f92f-7f0000014e7a Processing reference: ActivityClassParameter[name=jndiName,it=3,v=]
2016-06-07 20:13:11.712 DEBUG processModel 40788 0008dd12-c152-8000-f92f-7f0000014e7a Processing reference: ActivityClassParameter[name=output_document,it=13,v=<null>]
2016-06-07 20:13:11.712 DEBUG processModel 40788 0008dd12-c152-8000-f92f-7f0000014e7a Processing reference: ActivityClassParameter[name=sql,it=3,v=]
2016-06-07 20:13:11.712 DEBUG processModel 40788 0008dd12-c152-8000-f92f-7f0000014e7a Processing reference: ActivityClassParameter[name=From,it=3,v=processModel]
2016-06-07 20:13:11.712 DEBUG processModel 40788 0008dd12-c152-8000-f92f-7f0000014e7a Processing reference: ActivityClassParameter[name=FromEmailValue,it=34,v=]
2016-06-07 20:13:11.712 DEBUG processModel 40788 0008dd12-c152-8000-f92f-7f0000014e7a Processing reference: ActivityClassParameter[name=To,it=135,v=<null>]
2016-06-07 20:13:11.712 DEBUG processModel 40788 0008dd12-c152-8000-f92f-7f0000014e7a Processing reference: ActivityClassParameter[name=Cc,it=135,v=<null>]
2016-06-07 20:13:11.712 DEBUG processModel 40788 0008dd12-c152-8000-f92f-7f0000014e7a Processing reference: ActivityClassParameter[name=Bcc,it=135,v={}]
2016-06-07 20:13:11.712 DEBUG processModel 40788 0008dd12-c152-8000-f92f-7f0000014e7a Processing reference: ActivityClassParameter[name=SendErrorsTo,it=3,v=]
2016-06-07 20:13:11.712 DEBUG processModel 40788 0008dd12-c152-8000-f92f-7f0000014e7a Processing reference: ActivityClassParameter[name=SendErrorsToEmailValue,it=34,v=]
2016-06-07 20:13:11.713 DEBUG processModel 40788 0008dd12-c152-8000-f92f-7f0000014e7a Processing reference: ActivityClassParameter[name=Subject,it=3,v=]
2016-06-07 20:13:11.713 DEBUG processModel 40788 0008dd12-c152-8000-f92f-7f0000014e7a Processing reference: ActivityClassParameter[name=Attachments,it=113,v=<null>]
2016-06-07 20:13:11.713 DEBUG processModel 40788 0008dd12-c152-8000-f92f-7f0000014e7a Processing reference: ActivityClassParameter[name=Priority,it=1,v=3]
2016-06-07 20:13:11.713 DEBUG processModel 40788 0008dd12-c152-8000-f92f-7f0000014e7a Processing reference: ActivityClassParameter[name=IsHTML,it=26,v=1]
2016-06-07 20:13:11.713 DEBUG processModel 40788 0008dd12-c152-8000-f92f-7f0000014e7a Processing reference: ActivityClassParameter[name=BodyTemplate,it=13,v=<null>]
2016-06-07 20:13:11.713 DEBUG processModel 40788 0008dd12-c152-8000-f92f-7f0000014e7a Processing reference: ActivityClassParameter[name=BodyHTML,it=3,v=]
2016-06-07 20:13:11.713 DEBUG processModel 40788 0008dd12-c152-8000-f92f-7f0000014e7a Processing reference: ActivityClassParameter[name=HeaderTemplate,it=13,v=<null>]
2016-06-07 20:13:11.713 DEBUG processModel 40788 0008dd12-c152-8000-f92f-7f0000014e7a Processing reference: ActivityClassParameter[name=FooterTemplate,it=13,v=<null>]
2016-06-07 20:13:11.713 DEBUG processModel 40788 0008dd12-c152-8000-f92f-7f0000014e7a Processing reference: ActivityClassParameter[name=UsersWithMissingAddresses,it=104,v=<null>]
2016-06-07 20:13:11.713 DEBUG processModel 40788 0008dd12-c152-8000-f92f-7f0000014e7a Processing reference: ActivityClassParameter[name=InvalidAddresses,it=103,v=<null>]
2016-06-07 20:13:11.713 DEBUG processModel 40788 0008dd12-c152-8000-f92f-7f0000014e7a Processing reference: ActivityClassParameter[name=ToValidAddresses,it=134,v=<null>]
2016-06-07 20:13:11.713 DEBUG processModel 40788 0008dd12-c152-8000-f92f-7f0000014e7a Processing reference: ActivityClassParameter[name=CcValidAddresses,it=134,v=<null>]
2016-06-07 20:13:11.713 DEBUG processModel 40788 0008dd12-c152-8000-f92f-7f0000014e7a Processing reference: ActivityClassParameter[name=BccValidAddresses,it=134,v=<null>]
2016-06-07 20:13:11.714 DEBUG processModel 40788 0008dd12-c152-8000-f92f-7f0000014e7a Processing reference: ProcessVariable[name=arrayCount,it=1,v=0]
2016-06-07 20:13:11.714 DEBUG processModel 40788 0008dd12-c152-8000-f92f-7f0000014e7a Processing reference: ProcessVariable[name=generatedDate,it=9,v=<null>]
2016-06-07 20:13:11.714 DEBUG processModel 40788 0008dd12-c152-8000-f92f-7f0000014e7a Processing reference: ProcessVariable[name=header,it=13093,v=<null>]
2016-06-07 20:13:11.714 DEBUG processModel 40788 0008dd12-c152-8000-f92f-7f0000014e7a Processing reference: ProcessVariable[name=output_document,it=13,v=<null>]
2016-06-07 20:13:11.714 DEBUG processModel 40788 0008dd12-c152-8000-f92f-7f0000014e7a Processing reference: ProcessVariable[name=result,it=1,v=0]
2016-06-07 20:13:11.714 DEBUG processModel 40788 0008dd12-c152-8000-f92f-7f0000014e7a Processing reference: ProcessVariable[name=userList,it=13094,v=<null>]
2016-06-07 20:13:11.714 DEBUG processModel 40788 0008dd12-c152-8000-f92f-7f0000014e7a Processing reference: com.appiancorp.suiteapi.process.ProcessRoleMap@202b1e4e[
  Role[name=ADMIN_OWNER,usernames=[sarumugam]]
  Role[name=EDITOR]
  Role[name=EXPLICIT_NONMEMBER]
  Role[name=VIEWER]
  Role[name=MANAGER]
  Role[name=INITIATOR]
]
2016-06-07 20:13:11.714 DEBUG processModel 40788 0008dd12-c152-8000-f92f-7f0000014e7a Processing reference: Role[name=ADMIN_OWNER,usernames=[sarumugam]]
2016-06-07 20:13:11.715 DEBUG processModel 40788 0008dd12-c152-8000-f92f-7f0000014e7a Processing reference: Role[name=EDITOR]
2016-06-07 20:13:11.715 DEBUG processModel 40788 0008dd12-c152-8000-f92f-7f0000014e7a Processing reference: Role[name=EXPLICIT_NONMEMBER]
2016-06-07 20:13:11.715 DEBUG processModel 40788 0008dd12-c152-8000-f92f-7f0000014e7a Processing reference: Role[name=VIEWER]
2016-06-07 20:13:11.715 DEBUG processModel 40788 0008dd12-c152-8000-f92f-7f0000014e7a Processing reference: Role[name=MANAGER]
2016-06-07 20:13:11.715 DEBUG processModel 40788 0008dd12-c152-8000-f92f-7f0000014e7a Processing reference: Role[name=INITIATOR]
2016-06-07 20:13:11.72 DEBUG processModel 40788 0008dd12-c152-8000-f92f-7f0000014e7a Exporting binary resources.
2016-06-07 20:13:11.72 DEBUG processModel 40788 0008dd12-c152-8000-f92f-7f0000014e7a Serializing object to XML.
2016-06-07 20:13:11.762 DEBUG processModel 40788 0008dd12-c152-8000-f92f-7f0000014e7a Object transported.
2016-06-07 20:13:11.762 DEBUG application 232060 _a-0000dd0e-1392-8000-9ba2-011c48011c48_258365 Exporting binary resources.
2016-06-07 20:13:11.762 DEBUG application 232060 _a-0000dd0e-1392-8000-9ba2-011c48011c48_258365 Serializing object to XML.
2016-06-07 20:13:11.763 DEBUG application 232060 _a-0000dd0e-1392-8000-9ba2-011c48011c48_258365 Object transported.
